C:\Program Files (x86)\Microsoft Visual Studio\2017\Community\Common7\IDE\VC\VCTargets\Microsoft.CppBuild.targets(391,5): warning MSB8028: The intermediate directory (Debug\) contains files shared from another project (Tutorial1.vcxproj).  This can lead to incorrect clean and rebuild behavior.
  Assembling t2.asm...
t2.asm(15): error A2006: undefined symbol : rax
t2.asm(16): error A2006: undefined symbol : rax
t2.asm(18): error A2006: undefined symbol : rax
t2.asm(19): error A2006: undefined symbol : rax
t2.asm(21): error A2006: undefined symbol : rax
t2.asm(25): error A2006: undefined symbol : rsp
t2.asm(26): error A2006: undefined symbol : r12
t2.asm(27): error A2006: undefined symbol : r13
t2.asm(28): error A2006: undefined symbol : r14
t2.asm(29): error A2006: undefined symbol : r15
t2.asm(30): error A2006: undefined symbol : rcx
t2.asm(31): error A2006: undefined symbol : rdx
t2.asm(32): error A2006: undefined symbol : r8
t2.asm(34): error A2006: undefined symbol : rcx
t2.asm(35): error A2006: undefined symbol : rdx
t2.asm(36): error A2006: undefined symbol : r8
t2.asm(38): error A2006: undefined symbol : rsp
t2.asm(42): error A2006: undefined symbol : rsp
t2.asm(43): error A2006: undefined symbol : rdx
t2.asm(46): error A2006: undefined symbol : r12
t2.asm(47): error A2006: undefined symbol : r13
t2.asm(49): error A2006: undefined symbol : rax
t2.asm(50): error A2006: undefined symbol : rcx
t2.asm(51): error A2006: undefined symbol : rdx
t2.asm(53): error A2006: undefined symbol : rcx
t2.asm(54): error A2006: undefined symbol : rcx
t2.asm(57): error A2006: undefined symbol : rax
t2.asm(58): error A2006: undefined symbol : rsp
C:\Program Files (x86)\Microsoft Visual Studio\2017\Community\Common7\IDE\VC\VCTargets\BuildCustomizations\masm.targets(69,5): error MSB3721: The command "ml.exe /c /nologo /Zi /Fo"Debug\t2.obj" /W3 /errorReport:prompt  /Tat2.asm" exited with code 1.
